# JRE version: Java(TM) SE Runtime Environment (8.0_271-b09) (build 1.8.0_271-b09)
# Java VM: Java HotSpot(TM) 64-Bit Server VM (25.271-b09 mixed mode windows-amd64 compressed oops)
Heap:
 PSYoungGen      total 368640K, used 63473K [0x00000000e0580000, 0x00000000ff800000, 0x0000000100000000)
  eden space 227840K, 0% used [0x00000000e0580000,0x00000000e0580000,0x00000000ee400000)
  from space 140800K, 45% used [0x00000000f6b80000,0x00000000fa97c4b0,0x00000000ff500000)
  to   space 138752K, 0% used [0x00000000ee400000,0x00000000ee400000,0x00000000f6b80000)
 ParOldGen       total 184832K, used 166101K [0x00000000a1000000, 0x00000000ac480000, 0x00000000e0580000)
  object space 184832K, 89% used [0x00000000a1000000,0x00000000ab235540,0x00000000ac480000)
 Metaspace       used 41383K, capacity 43385K, committed 43952K, reserved 1087488K
  class space    used 5299K, capacity 5678K, committed 5808K, reserved 1048576K
GC Heap History (10 events):
Event: 6306.107 GC heap after
Heap after GC invocations=46 (full 4):
 PSYoungGen      total 365056K, used 97984K [0x00000000e0580000, 0x0000000100000000, 0x0000000100000000)
  eden space 209920K, 0% used [0x00000000e0580000,0x00000000e0580000,0x00000000ed280000)
  from space 155136K, 63% used [0x00000000f6880000,0x00000000fc8300e8,0x0000000100000000)
  to   space 153600K, 0% used [0x00000000ed280000,0x00000000ed280000,0x00000000f6880000)
 ParOldGen       total 184832K, used 122570K [0x00000000a1000000, 0x00000000ac480000, 0x00000000e0580000)
  object space 184832K, 66% used [0x00000000a1000000,0x00000000a87b2bd0,0x00000000ac480000)
 Metaspace       used 41383K, capacity 43385K, committed 43952K, reserved 1087488K
  class space    used 5299K, capacity 5678K, committed 5808K, reserved 1048576K
}
Event: 6306.664 GC heap before
{Heap before GC invocations=47 (full 4):
 PSYoungGen      total 365056K, used 307904K [0x00000000e0580000, 0x0000000100000000, 0x0000000100000000)
  eden space 209920K, 100% used [0x00000000e0580000,0x00000000ed280000,0x00000000ed280000)
  from space 155136K, 63% used [0x00000000f6880000,0x00000000fc8300e8,0x0000000100000000)
  to   space 153600K, 0% used [0x00000000ed280000,0x00000000ed280000,0x00000000f6880000)
 ParOldGen       total 184832K, used 122570K [0x00000000a1000000, 0x00000000ac480000, 0x00000000e0580000)
  object space 184832K, 66% used [0x00000000a1000000,0x00000000a87b2bd0,0x00000000ac480000)
 Metaspace       used 41383K, capacity 43385K, committed 43952K, reserved 1087488K
  class space    used 5299K, capacity 5678K, committed 5808K, reserved 1048576K
Event: 6306.684 GC heap after
Heap after GC invocations=47 (full 4):
 PSYoungGen      total 298496K, used 88477K [0x00000000e0580000, 0x00000000ff380000, 0x0000000100000000)
  eden space 209920K, 0% used [0x00000000e0580000,0x00000000e0580000,0x00000000ed280000)
  from space 88576K, 99% used [0x00000000ed280000,0x00000000f28e7670,0x00000000f2900000)
  to   space 147968K, 0% used [0x00000000f6300000,0x00000000f6300000,0x00000000ff380000)
 ParOldGen       total 184832K, used 132661K [0x00000000a1000000, 0x00000000ac480000, 0x00000000e0580000)
  object space 184832K, 71% used [0x00000000a1000000,0x00000000a918d5a0,0x00000000ac480000)
 Metaspace       used 41383K, capacity 43385K, committed 43952K, reserved 1087488K
  class space    used 5299K, capacity 5678K, committed 5808K, reserved 1048576K
}
Event: 6307.234 GC heap before
{Heap before GC invocations=48 (full 4):
 PSYoungGen      total 298496K, used 298397K [0x00000000e0580000, 0x00000000ff380000, 0x0000000100000000)
  eden space 209920K, 100% used [0x00000000e0580000,0x00000000ed280000,0x00000000ed280000)
  from space 88576K, 99% used [0x00000000ed280000,0x00000000f28e7670,0x00000000f2900000)
  to   space 147968K, 0% used [0x00000000f6300000,0x00000000f6300000,0x00000000ff380000)
 ParOldGen       total 184832K, used 132661K [0x00000000a1000000, 0x00000000ac480000, 0x00000000e0580000)
  object space 184832K, 71% used [0x00000000a1000000,0x00000000a918d5a0,0x00000000ac480000)
 Metaspace       used 41383K, capacity 43385K, committed 43952K, reserved 1087488K
  class space    used 5299K, capacity 5678K, committed 5808K, reserved 1048576K
Event: 6307.255 GC heap after
Heap after GC invocations=48 (full 4):
 PSYoungGen      total 360960K, used 92721K [0x00000000e0580000, 0x0000000100000000, 0x0000000100000000)
  eden space 212992K, 0% used [0x00000000e0580000,0x00000000e0580000,0x00000000ed580000)
  from space 147968K, 62% used [0x00000000f6300000,0x00000000fbd8c560,0x00000000ff380000)
  to   space 144896K, 0% used [0x00000000ed580000,0x00000000ed580000,0x00000000f6300000)
 ParOldGen       total 184832K, used 146024K [0x00000000a1000000, 0x00000000ac480000, 0x00000000e0580000)
  object space 184832K, 79% used [0x00000000a1000000,0x00000000a9e9a0f0,0x00000000ac480000)
 Metaspace       used 41383K, capacity 43385K, committed 43952K, reserved 1087488K
  class space    used 5299K, capacity 5678K, committed 5808K, reserved 1048576K
}
Event: 6307.833 GC heap before
{Heap before GC invocations=49 (full 4):
 PSYoungGen      total 360960K, used 305713K [0x00000000e0580000, 0x0000000100000000, 0x0000000100000000)
  eden space 212992K, 100% used [0x00000000e0580000,0x00000000ed580000,0x00000000ed580000)
  from space 147968K, 62% used [0x00000000f6300000,0x00000000fbd8c560,0x00000000ff380000)
  to   space 144896K, 0% used [0x00000000ed580000,0x00000000ed580000,0x00000000f6300000)
 ParOldGen       total 184832K, used 146024K [0x00000000a1000000, 0x00000000ac480000, 0x00000000e0580000)
  object space 184832K, 79% used [0x00000000a1000000,0x00000000a9e9a0f0,0x00000000ac480000)
 Metaspace       used 41383K, capacity 43385K, committed 43952K, reserved 1087488K
  class space    used 5299K, capacity 5678K, committed 5808K, reserved 1048576K
Event: 6307.849 GC heap after
Heap after GC invocations=49 (full 4):
 PSYoungGen      total 357888K, used 75259K [0x00000000e0580000, 0x00000000ff500000, 0x0000000100000000)
  eden space 212992K, 0% used [0x00000000e0580000,0x00000000e0580000,0x00000000ed580000)
  from space 144896K, 51% used [0x00000000ed580000,0x00000000f1efeff8,0x00000000f6300000)
  to   space 140800K, 0% used [0x00000000f6b80000,0x00000000f6b80000,0x00000000ff500000)
 ParOldGen       total 184832K, used 153165K [0x00000000a1000000, 0x00000000ac480000, 0x00000000e0580000)
  object space 184832K, 82% used [0x00000000a1000000,0x00000000aa593690,0x00000000ac480000)
 Metaspace       used 41383K, capacity 43385K, committed 43952K, reserved 1087488K
  class space    used 5299K, capacity 5678K, committed 5808K, reserved 1048576K
}
Event: 6308.422 GC heap before
{Heap before GC invocations=50 (full 4):
 PSYoungGen      total 357888K, used 288251K [0x00000000e0580000, 0x00000000ff500000, 0x0000000100000000)
  eden space 212992K, 100% used [0x00000000e0580000,0x00000000ed580000,0x00000000ed580000)
  from space 144896K, 51% used [0x00000000ed580000,0x00000000f1efeff8,0x00000000f6300000)
  to   space 140800K, 0% used [0x00000000f6b80000,0x00000000f6b80000,0x00000000ff500000)
 ParOldGen       total 184832K, used 153165K [0x00000000a1000000, 0x00000000ac480000, 0x00000000e0580000)
  object space 184832K, 82% used [0x00000000a1000000,0x00000000aa593690,0x00000000ac480000)
 Metaspace       used 41383K, capacity 43385K, committed 43952K, reserved 1087488K
  class space    used 5299K, capacity 5678K, committed 5808K, reserved 1048576K
Event: 6308.438 GC heap after
Heap after GC invocations=50 (full 4):
 PSYoungGen      total 368640K, used 63473K [0x00000000e0580000, 0x00000000ff800000, 0x0000000100000000)
  eden space 227840K, 0% used [0x00000000e0580000,0x00000000e0580000,0x00000000ee400000)
  from space 140800K, 45% used [0x00000000f6b80000,0x00000000fa97c4b0,0x00000000ff500000)
  to   space 138752K, 0% used [0x00000000ee400000,0x00000000ee400000,0x00000000f6b80000)
 ParOldGen       total 184832K, used 166101K [0x00000000a1000000, 0x00000000ac480000, 0x00000000e0580000)
  object space 184832K, 89% used [0x00000000a1000000,0x00000000ab235540,0x00000000ac480000)
 Metaspace       used 41383K, capacity 43385K, committed 43952K, reserved 1087488K
  class space    used 5299K, capacity 5678K, committed 5808K, reserved 1048576K
}
Event: 6308.438 GC heap before
{Heap before GC invocations=51 (full 5):
 PSYoungGen      total 368640K, used 63473K [0x00000000e0580000, 0x00000000ff800000, 0x0000000100000000)
  eden space 227840K, 0% used [0x00000000e0580000,0x00000000e0580000,0x00000000ee400000)
  from space 140800K, 45% used [0x00000000f6b80000,0x00000000fa97c4b0,0x00000000ff500000)
  to   space 138752K, 0% used [0x00000000ee400000,0x00000000ee400000,0x00000000f6b80000)
 ParOldGen       total 184832K, used 166101K [0x00000000a1000000, 0x00000000ac480000, 0x00000000e0580000)
  object space 184832K, 89% used [0x00000000a1000000,0x00000000ab235540,0x00000000ac480000)
 Metaspace       used 41383K, capacity 43385K, committed 43952K, reserved 1087488K
  class space    used 5299K, capacity 5678K, committed 5808K, reserved 1048576K

